{"/Users/sorodidiouf/Travail/client/components/App.jsx": {"path":"/Users/sorodidiouf/Travail/client/components/App.jsx","statementMap":{"0":{"start":{"line":11,"column":11},"end":{"line":20,"column":1}},"1":{"start":{"line":22,"column":18},"end":{"line":37,"column":1}},"2":{"start":{"line":39,"column":17},"end":{"line":45,"column":1}},"3":{"start":{"line":47,"column":14},"end":{"line":53,"column":1}},"4":{"start":{"line":55,"column":9},"end":{"line":59,"column":1}},"5":{"start":{"line":63,"column":8},"end":{"line":63,"column":21}},"6":{"start":{"line":64,"column":8},"end":{"line":77,"column":9}},"7":{"start":{"line":80,"column":8},"end":{"line":80,"column":47}},"8":{"start":{"line":81,"column":8},"end":{"line":81,"column":57}},"9":{"start":{"line":82,"column":8},"end":{"line":82,"column":51}},"10":{"start":{"line":83,"column":8},"end":{"line":83,"column":51}},"11":{"start":{"line":84,"column":8},"end":{"line":84,"column":49}},"12":{"start":{"line":85,"column":8},"end":{"line":85,"column":49}},"13":{"start":{"line":86,"column":8},"end":{"line":86,"column":55}},"14":{"start":{"line":87,"column":8},"end":{"line":87,"column":55}},"15":{"start":{"line":88,"column":8},"end":{"line":88,"column":57}},"16":{"start":{"line":93,"column":8},"end":{"line":111,"column":43}},"17":{"start":{"line":102,"column":12},"end":{"line":109,"column":14}},"18":{"start":{"line":103,"column":46},"end":{"line":103,"column":57}},"19":{"start":{"line":106,"column":58},"end":{"line":106,"column":71}},"20":{"start":{"line":107,"column":49},"end":{"line":107,"column":60}},"21":{"start":{"line":108,"column":50},"end":{"line":108,"column":63}},"22":{"start":{"line":111,"column":24},"end":{"line":111,"column":42}},"23":{"start":{"line":115,"column":8},"end":{"line":115,"column":23}},"24":{"start":{"line":120,"column":8},"end":{"line":122,"column":10}},"25":{"start":{"line":126,"column":8},"end":{"line":128,"column":10}},"26":{"start":{"line":132,"column":8},"end":{"line":134,"column":10}},"27":{"start":{"line":140,"column":8},"end":{"line":142,"column":10}},"28":{"start":{"line":146,"column":8},"end":{"line":148,"column":10}},"29":{"start":{"line":153,"column":8},"end":{"line":153,"column":35}},"30":{"start":{"line":158,"column":8},"end":{"line":162,"column":44}},"31":{"start":{"line":159,"column":20},"end":{"line":159,"column":34}},"32":{"start":{"line":160,"column":20},"end":{"line":160,"column":35}},"33":{"start":{"line":161,"column":20},"end":{"line":161,"column":40}},"34":{"start":{"line":162,"column":24},"end":{"line":162,"column":42}},"35":{"start":{"line":167,"column":8},"end":{"line":167,"column":30}},"36":{"start":{"line":168,"column":8},"end":{"line":168,"column":61}},"37":{"start":{"line":174,"column":24},"end":{"line":174,"column":71}},"38":{"start":{"line":175,"column":25},"end":{"line":175,"column":59}},"39":{"start":{"line":176,"column":19},"end":{"line":176,"column":196}},"40":{"start":{"line":176,"column":49},"end":{"line":176,"column":88}},"41":{"start":{"line":176,"column":104},"end":{"line":176,"column":141}},"42":{"start":{"line":176,"column":157},"end":{"line":176,"column":195}},"43":{"start":{"line":177,"column":26},"end":{"line":177,"column":59}},"44":{"start":{"line":179,"column":20},"end":{"line":179,"column":22}},"45":{"start":{"line":180,"column":8},"end":{"line":182,"column":9}},"46":{"start":{"line":180,"column":20},"end":{"line":180,"column":21}},"47":{"start":{"line":181,"column":12},"end":{"line":181,"column":26}},"48":{"start":{"line":184,"column":26},"end":{"line":189,"column":10}},"49":{"start":{"line":185,"column":12},"end":{"line":188,"column":81}},"50":{"start":{"line":191,"column":8},"end":{"line":212,"column":9}}},"fnMap":{"0":{"name":"(anonymous_0)","decl":{"start":{"line":62,"column":4},"end":{"line":62,"column":5}},"loc":{"start":{"line":62,"column":23},"end":{"line":89,"column":5}},"line":62},"1":{"name":"(anonymous_1)","decl":{"start":{"line":92,"column":4},"end":{"line":92,"column":5}},"loc":{"start":{"line":92,"column":14},"end":{"line":112,"column":5}},"line":92},"2":{"name":"(anonymous_2)","decl":{"start":{"line":101,"column":27},"end":{"line":101,"column":28}},"loc":{"start":{"line":101,"column":86},"end":{"line":110,"column":9}},"line":101},"3":{"name":"(anonymous_3)","decl":{"start":{"line":103,"column":37},"end":{"line":103,"column":38}},"loc":{"start":{"line":103,"column":46},"end":{"line":103,"column":57}},"line":103},"4":{"name":"(anonymous_4)","decl":{"start":{"line":106,"column":46},"end":{"line":106,"column":47}},"loc":{"start":{"line":106,"column":58},"end":{"line":106,"column":71}},"line":106},"5":{"name":"(anonymous_5)","decl":{"start":{"line":107,"column":40},"end":{"line":107,"column":41}},"loc":{"start":{"line":107,"column":49},"end":{"line":107,"column":60}},"line":107},"6":{"name":"(anonymous_6)","decl":{"start":{"line":108,"column":40},"end":{"line":108,"column":41}},"loc":{"start":{"line":108,"column":50},"end":{"line":108,"column":63}},"line":108},"7":{"name":"(anonymous_7)","decl":{"start":{"line":111,"column":15},"end":{"line":111,"column":16}},"loc":{"start":{"line":111,"column":24},"end":{"line":111,"column":42}},"line":111},"8":{"name":"(anonymous_8)","decl":{"start":{"line":114,"column":4},"end":{"line":114,"column":5}},"loc":{"start":{"line":114,"column":24},"end":{"line":116,"column":5}},"line":114},"9":{"name":"(anonymous_9)","decl":{"start":{"line":119,"column":4},"end":{"line":119,"column":5}},"loc":{"start":{"line":119,"column":28},"end":{"line":123,"column":5}},"line":119},"10":{"name":"(anonymous_10)","decl":{"start":{"line":125,"column":4},"end":{"line":125,"column":5}},"loc":{"start":{"line":125,"column":22},"end":{"line":129,"column":5}},"line":125},"11":{"name":"(anonymous_11)","decl":{"start":{"line":131,"column":4},"end":{"line":131,"column":5}},"loc":{"start":{"line":131,"column":22},"end":{"line":135,"column":5}},"line":131},"12":{"name":"(anonymous_12)","decl":{"start":{"line":139,"column":4},"end":{"line":139,"column":5}},"loc":{"start":{"line":139,"column":15},"end":{"line":143,"column":5}},"line":139},"13":{"name":"(anonymous_13)","decl":{"start":{"line":145,"column":4},"end":{"line":145,"column":5}},"loc":{"start":{"line":145,"column":15},"end":{"line":149,"column":5}},"line":145},"14":{"name":"(anonymous_14)","decl":{"start":{"line":152,"column":4},"end":{"line":152,"column":5}},"loc":{"start":{"line":152,"column":20},"end":{"line":154,"column":5}},"line":152},"15":{"name":"(anonymous_15)","decl":{"start":{"line":157,"column":4},"end":{"line":157,"column":5}},"loc":{"start":{"line":157,"column":19},"end":{"line":163,"column":5}},"line":157},"16":{"name":"(anonymous_16)","decl":{"start":{"line":159,"column":14},"end":{"line":159,"column":15}},"loc":{"start":{"line":159,"column":20},"end":{"line":159,"column":34}},"line":159},"17":{"name":"(anonymous_17)","decl":{"start":{"line":160,"column":14},"end":{"line":160,"column":15}},"loc":{"start":{"line":160,"column":20},"end":{"line":160,"column":35}},"line":160},"18":{"name":"(anonymous_18)","decl":{"start":{"line":161,"column":14},"end":{"line":161,"column":15}},"loc":{"start":{"line":161,"column":20},"end":{"line":161,"column":40}},"line":161},"19":{"name":"(anonymous_19)","decl":{"start":{"line":162,"column":15},"end":{"line":162,"column":16}},"loc":{"start":{"line":162,"column":24},"end":{"line":162,"column":42}},"line":162},"20":{"name":"(anonymous_20)","decl":{"start":{"line":166,"column":4},"end":{"line":166,"column":5}},"loc":{"start":{"line":166,"column":23},"end":{"line":169,"column":5}},"line":166},"21":{"name":"(anonymous_21)","decl":{"start":{"line":171,"column":4},"end":{"line":171,"column":5}},"loc":{"start":{"line":171,"column":13},"end":{"line":213,"column":5}},"line":171},"22":{"name":"(anonymous_22)","decl":{"start":{"line":176,"column":42},"end":{"line":176,"column":43}},"loc":{"start":{"line":176,"column":49},"end":{"line":176,"column":88}},"line":176},"23":{"name":"(anonymous_23)","decl":{"start":{"line":176,"column":97},"end":{"line":176,"column":98}},"loc":{"start":{"line":176,"column":104},"end":{"line":176,"column":141}},"line":176},"24":{"name":"(anonymous_24)","decl":{"start":{"line":176,"column":150},"end":{"line":176,"column":151}},"loc":{"start":{"line":176,"column":157},"end":{"line":176,"column":195}},"line":176},"25":{"name":"(anonymous_25)","decl":{"start":{"line":184,"column":36},"end":{"line":184,"column":37}},"loc":{"start":{"line":185,"column":12},"end":{"line":188,"column":81}},"line":185}},"branchMap":{"0":{"loc":{"start":{"line":185,"column":12},"end":{"line":188,"column":81}},"type":"cond-expr","locations":[{"start":{"line":186,"column":13},"end":{"line":186,"column":94}},{"start":{"line":188,"column":13},"end":{"line":188,"column":80}}],"line":185},"1":{"loc":{"start":{"line":202,"column":39},"end":{"line":202,"column":72}},"type":"cond-expr","locations":[{"start":{"line":202,"column":57},"end":{"line":202,"column":64}},{"start":{"line":202,"column":66},"end":{"line":202,"column":72}}],"line":202}},"s":{"0":1,"1":1,"2":1,"3":1,"4":1,"5":2,"6":2,"7":2,"8":2,"9":2,"10":2,"11":2,"12":2,"13":2,"14":2,"15":2,"16":2,"17":0,"18":0,"19":0,"20":0,"21":0,"22":0,"23":2,"24":0,"25":0,"26":0,"27":0,"28":0,"29":0,"30":0,"31":0,"32":0,"33":0,"34":0,"35":0,"36":0,"37":2,"38":2,"39":2,"40":0,"41":0,"42":0,"43":2,"44":2,"45":2,"46":2,"47":0,"48":2,"49":0,"50":2},"f":{"0":2,"1":2,"2":0,"3":0,"4":0,"5":0,"6":0,"7":0,"8":2,"9":0,"10":0,"11":0,"12":0,"13":0,"14":0,"15":0,"16":0,"17":0,"18":0,"19":0,"20":0,"21":2,"22":0,"23":0,"24":0,"25":0},"b":{"0":[0,0],"1":[0,2]},"_coverageSchema":"1a1c01bbd47fc00a2c39e90264f33305004495a9","hash":"c097b3ae69f7df38171a37d11e3fee1c04f504ac"}
,"/Users/sorodidiouf/Travail/client/components/Chart.jsx": {"path":"/Users/sorodidiouf/Travail/client/components/Chart.jsx","statementMap":{"0":{"start":{"line":12,"column":12},"end":{"line":34,"column":1}},"1":{"start":{"line":13,"column":15},"end":{"line":13,"column":30}},"2":{"start":{"line":14,"column":4},"end":{"line":33,"column":6}}},"fnMap":{"0":{"name":"(anonymous_0)","decl":{"start":{"line":12,"column":12},"end":{"line":12,"column":13}},"loc":{"start":{"line":12,"column":23},"end":{"line":34,"column":1}},"line":12}},"branchMap":{},"s":{"0":3,"1":0,"2":0},"f":{"0":0},"b":{},"_coverageSchema":"1a1c01bbd47fc00a2c39e90264f33305004495a9","hash":"2333171db667bc0ffd7718596c2607e718d4705f"}
,"/Users/sorodidiouf/Travail/client/components/Form.jsx": {"path":"/Users/sorodidiouf/Travail/client/components/Form.jsx","statementMap":{"0":{"start":{"line":4,"column":14},"end":{"line":8,"column":1}},"1":{"start":{"line":10,"column":15},"end":{"line":13,"column":1}},"2":{"start":{"line":17,"column":8},"end":{"line":17,"column":21}},"3":{"start":{"line":18,"column":8},"end":{"line":26,"column":9}},"4":{"start":{"line":28,"column":8},"end":{"line":28,"column":38}},"5":{"start":{"line":31,"column":8},"end":{"line":31,"column":51}},"6":{"start":{"line":32,"column":8},"end":{"line":32,"column":57}},"7":{"start":{"line":33,"column":8},"end":{"line":33,"column":57}},"8":{"start":{"line":34,"column":8},"end":{"line":34,"column":57}},"9":{"start":{"line":35,"column":8},"end":{"line":35,"column":43}},"10":{"start":{"line":40,"column":29},"end":{"line":40,"column":76}},"11":{"start":{"line":41,"column":28},"end":{"line":41,"column":30}},"12":{"start":{"line":42,"column":26},"end":{"line":42,"column":28}},"13":{"start":{"line":43,"column":8},"end":{"line":49,"column":10}},"14":{"start":{"line":44,"column":12},"end":{"line":48,"column":13}},"15":{"start":{"line":45,"column":16},"end":{"line":45,"column":42}},"16":{"start":{"line":47,"column":16},"end":{"line":47,"column":40}},"17":{"start":{"line":52,"column":8},"end":{"line":56,"column":9}},"18":{"start":{"line":53,"column":12},"end":{"line":53,"column":41}},"19":{"start":{"line":55,"column":12},"end":{"line":55,"column":39}},"20":{"start":{"line":59,"column":8},"end":{"line":61,"column":10}},"21":{"start":{"line":60,"column":12},"end":{"line":60,"column":74}},"22":{"start":{"line":62,"column":8},"end":{"line":64,"column":10}},"23":{"start":{"line":63,"column":12},"end":{"line":63,"column":76}},"24":{"start":{"line":65,"column":8},"end":{"line":65,"column":35}},"25":{"start":{"line":66,"column":8},"end":{"line":66,"column":42}},"26":{"start":{"line":71,"column":19},"end":{"line":71,"column":36}},"27":{"start":{"line":72,"column":20},"end":{"line":72,"column":38}},"28":{"start":{"line":73,"column":8},"end":{"line":75,"column":10}},"29":{"start":{"line":80,"column":8},"end":{"line":80,"column":31}},"30":{"start":{"line":81,"column":8},"end":{"line":84,"column":9}},"31":{"start":{"line":82,"column":12},"end":{"line":82,"column":38}},"32":{"start":{"line":83,"column":12},"end":{"line":83,"column":25}},"33":{"start":{"line":89,"column":8},"end":{"line":89,"column":31}},"34":{"start":{"line":90,"column":8},"end":{"line":90,"column":30}},"35":{"start":{"line":91,"column":8},"end":{"line":91,"column":21}},"36":{"start":{"line":96,"column":8},"end":{"line":96,"column":41}},"37":{"start":{"line":97,"column":19},"end":{"line":97,"column":42}},"38":{"start":{"line":98,"column":8},"end":{"line":101,"column":10}},"39":{"start":{"line":99,"column":26},"end":{"line":99,"column":60}},"40":{"start":{"line":100,"column":12},"end":{"line":100,"column":52}},"41":{"start":{"line":102,"column":8},"end":{"line":102,"column":53}},"42":{"start":{"line":106,"column":67},"end":{"line":106,"column":77}},"43":{"start":{"line":107,"column":8},"end":{"line":147,"column":9}}},"fnMap":{"0":{"name":"(anonymous_0)","decl":{"start":{"line":16,"column":4},"end":{"line":16,"column":5}},"loc":{"start":{"line":16,"column":23},"end":{"line":36,"column":5}},"line":16},"1":{"name":"(anonymous_1)","decl":{"start":{"line":39,"column":4},"end":{"line":39,"column":5}},"loc":{"start":{"line":39,"column":15},"end":{"line":67,"column":5}},"line":39},"2":{"name":"(anonymous_2)","decl":{"start":{"line":43,"column":31},"end":{"line":43,"column":32}},"loc":{"start":{"line":43,"column":40},"end":{"line":49,"column":9}},"line":43},"3":{"name":"(anonymous_3)","decl":{"start":{"line":59,"column":30},"end":{"line":59,"column":31}},"loc":{"start":{"line":59,"column":39},"end":{"line":61,"column":9}},"line":59},"4":{"name":"(anonymous_4)","decl":{"start":{"line":62,"column":28},"end":{"line":62,"column":29}},"loc":{"start":{"line":62,"column":37},"end":{"line":64,"column":9}},"line":62},"5":{"name":"(anonymous_5)","decl":{"start":{"line":70,"column":4},"end":{"line":70,"column":5}},"loc":{"start":{"line":70,"column":24},"end":{"line":76,"column":5}},"line":70},"6":{"name":"(anonymous_6)","decl":{"start":{"line":79,"column":4},"end":{"line":79,"column":5}},"loc":{"start":{"line":79,"column":24},"end":{"line":85,"column":5}},"line":79},"7":{"name":"(anonymous_7)","decl":{"start":{"line":88,"column":4},"end":{"line":88,"column":5}},"loc":{"start":{"line":88,"column":24},"end":{"line":92,"column":5}},"line":88},"8":{"name":"(anonymous_8)","decl":{"start":{"line":95,"column":4},"end":{"line":95,"column":5}},"loc":{"start":{"line":95,"column":12},"end":{"line":103,"column":5}},"line":95},"9":{"name":"(anonymous_9)","decl":{"start":{"line":98,"column":21},"end":{"line":98,"column":22}},"loc":{"start":{"line":98,"column":28},"end":{"line":101,"column":9}},"line":98},"10":{"name":"(anonymous_10)","decl":{"start":{"line":105,"column":4},"end":{"line":105,"column":5}},"loc":{"start":{"line":105,"column":13},"end":{"line":148,"column":5}},"line":105}},"branchMap":{"0":{"loc":{"start":{"line":44,"column":12},"end":{"line":48,"column":13}},"type":"if","locations":[{"start":{"line":44,"column":12},"end":{"line":48,"column":13}},{"start":{"line":44,"column":12},"end":{"line":48,"column":13}}],"line":44},"1":{"loc":{"start":{"line":52,"column":8},"end":{"line":56,"column":9}},"type":"if","locations":[{"start":{"line":52,"column":8},"end":{"line":56,"column":9}},{"start":{"line":52,"column":8},"end":{"line":56,"column":9}}],"line":52},"2":{"loc":{"start":{"line":81,"column":8},"end":{"line":84,"column":9}},"type":"if","locations":[{"start":{"line":81,"column":8},"end":{"line":84,"column":9}},{"start":{"line":81,"column":8},"end":{"line":84,"column":9}}],"line":81}},"s":{"0":2,"1":2,"2":3,"3":3,"4":3,"5":3,"6":3,"7":3,"8":3,"9":3,"10":0,"11":0,"12":0,"13":0,"14":0,"15":0,"16":0,"17":0,"18":0,"19":0,"20":0,"21":0,"22":0,"23":0,"24":0,"25":0,"26":0,"27":0,"28":0,"29":0,"30":0,"31":0,"32":0,"33":0,"34":0,"35":0,"36":0,"37":0,"38":0,"39":0,"40":0,"41":0,"42":3,"43":3},"f":{"0":3,"1":0,"2":0,"3":0,"4":0,"5":0,"6":0,"7":0,"8":0,"9":0,"10":3},"b":{"0":[0,0],"1":[0,0],"2":[0,0]},"_coverageSchema":"1a1c01bbd47fc00a2c39e90264f33305004495a9","hash":"2db066d8fcf88861ed759c1e6cdb61022a3759e5"}
,"/Users/sorodidiouf/Travail/client/components/Job.jsx": {"path":"/Users/sorodidiouf/Travail/client/components/Job.jsx","statementMap":{"0":{"start":{"line":7,"column":0},"end":{"line":7,"column":51}},"1":{"start":{"line":11,"column":12},"end":{"line":14,"column":1}},"2":{"start":{"line":16,"column":20},"end":{"line":19,"column":1}},"3":{"start":{"line":21,"column":13},"end":{"line":36,"column":1}},"4":{"start":{"line":38,"column":11},"end":{"line":52,"column":1}},"5":{"start":{"line":54,"column":10},"end":{"line":60,"column":1}},"6":{"start":{"line":62,"column":10},"end":{"line":68,"column":1}},"7":{"start":{"line":70,"column":23},"end":{"line":73,"column":1}},"8":{"start":{"line":75,"column":18},"end":{"line":79,"column":1}},"9":{"start":{"line":81,"column":10},"end":{"line":89,"column":1}},"10":{"start":{"line":90,"column":13},"end":{"line":92,"column":1}},"11":{"start":{"line":93,"column":11},"end":{"line":100,"column":1}},"12":{"start":{"line":102,"column":12},"end":{"line":111,"column":1}},"13":{"start":{"line":113,"column":11},"end":{"line":115,"column":1}},"14":{"start":{"line":117,"column":10},"end":{"line":190,"column":1}},"15":{"start":{"line":118,"column":30},"end":{"line":118,"column":45}},"16":{"start":{"line":119,"column":34},"end":{"line":119,"column":47}},"17":{"start":{"line":120,"column":106},"end":{"line":120,"column":115}},"18":{"start":{"line":123,"column":8},"end":{"line":123,"column":26}},"19":{"start":{"line":127,"column":8},"end":{"line":127,"column":87}},"20":{"start":{"line":131,"column":8},"end":{"line":131,"column":31}},"21":{"start":{"line":132,"column":8},"end":{"line":132,"column":40}},"22":{"start":{"line":133,"column":8},"end":{"line":133,"column":25}},"23":{"start":{"line":138,"column":21},"end":{"line":138,"column":23}},"24":{"start":{"line":139,"column":8},"end":{"line":146,"column":9}},"25":{"start":{"line":140,"column":12},"end":{"line":145,"column":13}},"26":{"start":{"line":141,"column":16},"end":{"line":144,"column":18}},"27":{"start":{"line":147,"column":8},"end":{"line":147,"column":22}},"28":{"start":{"line":150,"column":20},"end":{"line":150,"column":58}},"29":{"start":{"line":151,"column":16},"end":{"line":161,"column":9}},"30":{"start":{"line":162,"column":4},"end":{"line":189,"column":5}}},"fnMap":{"0":{"name":"(anonymous_0)","decl":{"start":{"line":117,"column":10},"end":{"line":117,"column":11}},"loc":{"start":{"line":117,"column":21},"end":{"line":190,"column":1}},"line":117},"1":{"name":"onToggle","decl":{"start":{"line":122,"column":13},"end":{"line":122,"column":21}},"loc":{"start":{"line":122,"column":24},"end":{"line":124,"column":5}},"line":122},"2":{"name":"showMore","decl":{"start":{"line":126,"column":13},"end":{"line":126,"column":21}},"loc":{"start":{"line":126,"column":24},"end":{"line":128,"column":5}},"line":126},"3":{"name":"handleClick","decl":{"start":{"line":130,"column":13},"end":{"line":130,"column":24}},"loc":{"start":{"line":130,"column":32},"end":{"line":135,"column":5}},"line":130},"4":{"name":"parseEmployeesData","decl":{"start":{"line":137,"column":13},"end":{"line":137,"column":31}},"loc":{"start":{"line":137,"column":42},"end":{"line":148,"column":5}},"line":137}},"branchMap":{"0":{"loc":{"start":{"line":127,"column":15},"end":{"line":127,"column":87}},"type":"cond-expr","locations":[{"start":{"line":127,"column":23},"end":{"line":127,"column":44}},{"start":{"line":127,"column":47},"end":{"line":127,"column":87}}],"line":127},"1":{"loc":{"start":{"line":140,"column":12},"end":{"line":145,"column":13}},"type":"if","locations":[{"start":{"line":140,"column":12},"end":{"line":145,"column":13}},{"start":{"line":140,"column":12},"end":{"line":145,"column":13}}],"line":140},"2":{"loc":{"start":{"line":152,"column":28},"end":{"line":152,"column":81}},"type":"cond-expr","locations":[{"start":{"line":152,"column":63},"end":{"line":152,"column":71}},{"start":{"line":152,"column":74},"end":{"line":152,"column":81}}],"line":152},"3":{"loc":{"start":{"line":152,"column":29},"end":{"line":152,"column":59}},"type":"binary-expr","locations":[{"start":{"line":152,"column":29},"end":{"line":152,"column":42}},{"start":{"line":152,"column":46},"end":{"line":152,"column":59}}],"line":152},"4":{"loc":{"start":{"line":167,"column":17},"end":{"line":167,"column":105}},"type":"cond-expr","locations":[{"start":{"line":167,"column":40},"end":{"line":167,"column":72}},{"start":{"line":167,"column":75},"end":{"line":167,"column":105}}],"line":167},"5":{"loc":{"start":{"line":174,"column":43},"end":{"line":177,"column":42}},"type":"cond-expr","locations":[{"start":{"line":175,"column":20},"end":{"line":175,"column":42}},{"start":{"line":177,"column":20},"end":{"line":177,"column":42}}],"line":174},"6":{"loc":{"start":{"line":179,"column":17},"end":{"line":179,"column":105}},"type":"cond-expr","locations":[{"start":{"line":179,"column":55},"end":{"line":179,"column":100}},{"start":{"line":179,"column":103},"end":{"line":179,"column":105}}],"line":179},"7":{"loc":{"start":{"line":179,"column":17},"end":{"line":179,"column":52}},"type":"binary-expr","locations":[{"start":{"line":179,"column":17},"end":{"line":179,"column":34}},{"start":{"line":179,"column":38},"end":{"line":179,"column":52}}],"line":179}},"s":{"0":3,"1":3,"2":3,"3":3,"4":3,"5":3,"6":3,"7":3,"8":3,"9":3,"10":3,"11":3,"12":3,"13":3,"14":3,"15":1,"16":1,"17":1,"18":0,"19":0,"20":0,"21":0,"22":0,"23":0,"24":0,"25":0,"26":0,"27":0,"28":0,"29":0,"30":0},"f":{"0":1,"1":0,"2":0,"3":0,"4":0},"b":{"0":[0,0],"1":[0,0],"2":[0,0],"3":[0,0],"4":[0,0],"5":[0,0],"6":[0,0],"7":[0,0]},"_coverageSchema":"1a1c01bbd47fc00a2c39e90264f33305004495a9","hash":"e3e5b85fe0c11408eefe54f2bc8ecbfc7fe32049"}
,"/Users/sorodidiouf/Travail/client/components/JobList.jsx": {"path":"/Users/sorodidiouf/Travail/client/components/JobList.jsx","statementMap":{"0":{"start":{"line":4,"column":14},"end":{"line":17,"column":1}},"1":{"start":{"line":5,"column":4},"end":{"line":16,"column":5}},"2":{"start":{"line":8,"column":16},"end":{"line":13,"column":17}},"3":{"start":{"line":11,"column":143},"end":{"line":11,"column":175}}},"fnMap":{"0":{"name":"(anonymous_0)","decl":{"start":{"line":4,"column":14},"end":{"line":4,"column":15}},"loc":{"start":{"line":4,"column":25},"end":{"line":17,"column":1}},"line":4},"1":{"name":"(anonymous_1)","decl":{"start":{"line":7,"column":28},"end":{"line":7,"column":29}},"loc":{"start":{"line":7,"column":35},"end":{"line":14,"column":13}},"line":7},"2":{"name":"(anonymous_2)","decl":{"start":{"line":11,"column":131},"end":{"line":11,"column":132}},"loc":{"start":{"line":11,"column":143},"end":{"line":11,"column":175}},"line":11}},"branchMap":{},"s":{"0":2,"1":1,"2":0,"3":0},"f":{"0":1,"1":0,"2":0},"b":{},"_coverageSchema":"1a1c01bbd47fc00a2c39e90264f33305004495a9","hash":"df10358bf18f2bb1dc50e7d775aeac43283b73b2"}
,"/Users/sorodidiouf/Travail/client/components/Filters/Location.jsx": {"path":"/Users/sorodidiouf/Travail/client/components/Filters/Location.jsx","statementMap":{"0":{"start":{"line":5,"column":13},"end":{"line":18,"column":1}},"1":{"start":{"line":22,"column":8},"end":{"line":22,"column":21}},"2":{"start":{"line":23,"column":8},"end":{"line":50,"column":9}},"3":{"start":{"line":51,"column":8},"end":{"line":51,"column":61}},"4":{"start":{"line":55,"column":19},"end":{"line":55,"column":62}},"5":{"start":{"line":56,"column":8},"end":{"line":56,"column":47}},"6":{"start":{"line":57,"column":8},"end":{"line":61,"column":11}},"7":{"start":{"line":60,"column":12},"end":{"line":60,"column":137}},"8":{"start":{"line":60,"column":76},"end":{"line":60,"column":102}},"9":{"start":{"line":60,"column":120},"end":{"line":60,"column":134}},"10":{"start":{"line":65,"column":8},"end":{"line":74,"column":10}}},"fnMap":{"0":{"name":"(anonymous_0)","decl":{"start":{"line":21,"column":4},"end":{"line":21,"column":5}},"loc":{"start":{"line":21,"column":23},"end":{"line":52,"column":5}},"line":21},"1":{"name":"(anonymous_1)","decl":{"start":{"line":54,"column":4},"end":{"line":54,"column":5}},"loc":{"start":{"line":54,"column":28},"end":{"line":62,"column":5}},"line":54},"2":{"name":"(anonymous_2)","decl":{"start":{"line":59,"column":11},"end":{"line":59,"column":12}},"loc":{"start":{"line":59,"column":17},"end":{"line":61,"column":9}},"line":59},"3":{"name":"(anonymous_3)","decl":{"start":{"line":60,"column":64},"end":{"line":60,"column":65}},"loc":{"start":{"line":60,"column":76},"end":{"line":60,"column":102}},"line":60},"4":{"name":"(anonymous_4)","decl":{"start":{"line":60,"column":108},"end":{"line":60,"column":109}},"loc":{"start":{"line":60,"column":120},"end":{"line":60,"column":134}},"line":60},"5":{"name":"(anonymous_5)","decl":{"start":{"line":64,"column":4},"end":{"line":64,"column":5}},"loc":{"start":{"line":64,"column":13},"end":{"line":75,"column":5}},"line":64}},"branchMap":{},"s":{"0":1,"1":0,"2":0,"3":0,"4":0,"5":0,"6":0,"7":0,"8":0,"9":0,"10":0},"f":{"0":0,"1":0,"2":0,"3":0,"4":0,"5":0},"b":{},"_coverageSchema":"1a1c01bbd47fc00a2c39e90264f33305004495a9","hash":"7c63bc24504e171b3db21590b2a3fc609bdc8045"}
,"/Users/sorodidiouf/Travail/client/components/Filters/Round.jsx": {"path":"/Users/sorodidiouf/Travail/client/components/Filters/Round.jsx","statementMap":{"0":{"start":{"line":5,"column":13},"end":{"line":18,"column":1}},"1":{"start":{"line":22,"column":8},"end":{"line":22,"column":21}},"2":{"start":{"line":23,"column":8},"end":{"line":50,"column":9}},"3":{"start":{"line":51,"column":8},"end":{"line":51,"column":61}},"4":{"start":{"line":55,"column":19},"end":{"line":55,"column":62}},"5":{"start":{"line":56,"column":8},"end":{"line":56,"column":47}},"6":{"start":{"line":57,"column":8},"end":{"line":61,"column":11}},"7":{"start":{"line":60,"column":12},"end":{"line":60,"column":119}},"8":{"start":{"line":60,"column":67},"end":{"line":60,"column":90}},"9":{"start":{"line":60,"column":105},"end":{"line":60,"column":116}},"10":{"start":{"line":65,"column":8},"end":{"line":74,"column":10}}},"fnMap":{"0":{"name":"(anonymous_0)","decl":{"start":{"line":21,"column":4},"end":{"line":21,"column":5}},"loc":{"start":{"line":21,"column":23},"end":{"line":52,"column":5}},"line":21},"1":{"name":"(anonymous_1)","decl":{"start":{"line":54,"column":4},"end":{"line":54,"column":5}},"loc":{"start":{"line":54,"column":28},"end":{"line":62,"column":5}},"line":54},"2":{"name":"(anonymous_2)","decl":{"start":{"line":59,"column":11},"end":{"line":59,"column":12}},"loc":{"start":{"line":59,"column":17},"end":{"line":61,"column":9}},"line":59},"3":{"name":"(anonymous_3)","decl":{"start":{"line":60,"column":58},"end":{"line":60,"column":59}},"loc":{"start":{"line":60,"column":67},"end":{"line":60,"column":90}},"line":60},"4":{"name":"(anonymous_4)","decl":{"start":{"line":60,"column":96},"end":{"line":60,"column":97}},"loc":{"start":{"line":60,"column":105},"end":{"line":60,"column":116}},"line":60},"5":{"name":"(anonymous_5)","decl":{"start":{"line":64,"column":4},"end":{"line":64,"column":5}},"loc":{"start":{"line":64,"column":13},"end":{"line":75,"column":5}},"line":64}},"branchMap":{},"s":{"0":1,"1":0,"2":0,"3":0,"4":0,"5":0,"6":0,"7":0,"8":0,"9":0,"10":0},"f":{"0":0,"1":0,"2":0,"3":0,"4":0,"5":0},"b":{},"_coverageSchema":"1a1c01bbd47fc00a2c39e90264f33305004495a9","hash":"da84b5f80b73ad9d000b8f6e7a547cbcabb25ec0"}
,"/Users/sorodidiouf/Travail/client/components/Filters/Status.jsx": {"path":"/Users/sorodidiouf/Travail/client/components/Filters/Status.jsx","statementMap":{"0":{"start":{"line":5,"column":13},"end":{"line":18,"column":1}},"1":{"start":{"line":22,"column":8},"end":{"line":22,"column":21}},"2":{"start":{"line":23,"column":8},"end":{"line":38,"column":9}},"3":{"start":{"line":39,"column":8},"end":{"line":39,"column":61}},"4":{"start":{"line":43,"column":19},"end":{"line":43,"column":62}},"5":{"start":{"line":44,"column":8},"end":{"line":44,"column":47}},"6":{"start":{"line":45,"column":8},"end":{"line":49,"column":11}},"7":{"start":{"line":48,"column":12},"end":{"line":48,"column":124}},"8":{"start":{"line":48,"column":69},"end":{"line":48,"column":93}},"9":{"start":{"line":48,"column":109},"end":{"line":48,"column":121}},"10":{"start":{"line":53,"column":8},"end":{"line":62,"column":10}}},"fnMap":{"0":{"name":"(anonymous_0)","decl":{"start":{"line":21,"column":4},"end":{"line":21,"column":5}},"loc":{"start":{"line":21,"column":23},"end":{"line":40,"column":5}},"line":21},"1":{"name":"(anonymous_1)","decl":{"start":{"line":42,"column":4},"end":{"line":42,"column":5}},"loc":{"start":{"line":42,"column":28},"end":{"line":50,"column":5}},"line":42},"2":{"name":"(anonymous_2)","decl":{"start":{"line":47,"column":11},"end":{"line":47,"column":12}},"loc":{"start":{"line":47,"column":17},"end":{"line":49,"column":9}},"line":47},"3":{"name":"(anonymous_3)","decl":{"start":{"line":48,"column":59},"end":{"line":48,"column":60}},"loc":{"start":{"line":48,"column":69},"end":{"line":48,"column":93}},"line":48},"4":{"name":"(anonymous_4)","decl":{"start":{"line":48,"column":99},"end":{"line":48,"column":100}},"loc":{"start":{"line":48,"column":109},"end":{"line":48,"column":121}},"line":48},"5":{"name":"(anonymous_5)","decl":{"start":{"line":52,"column":4},"end":{"line":52,"column":5}},"loc":{"start":{"line":52,"column":13},"end":{"line":63,"column":5}},"line":52}},"branchMap":{},"s":{"0":1,"1":0,"2":0,"3":0,"4":0,"5":0,"6":0,"7":0,"8":0,"9":0,"10":0},"f":{"0":0,"1":0,"2":0,"3":0,"4":0,"5":0},"b":{},"_coverageSchema":"1a1c01bbd47fc00a2c39e90264f33305004495a9","hash":"6c244a1140c4a70b1318e48f539c5fcdf6ca2b85"}
}
