{"/Users/sorodidiouf/Travail/client/components/App.jsx": {"path":"/Users/sorodidiouf/Travail/client/components/App.jsx","statementMap":{"0":{"start":{"line":10,"column":11},"end":{"line":19,"column":1}},"1":{"start":{"line":21,"column":18},"end":{"line":36,"column":1}},"2":{"start":{"line":38,"column":17},"end":{"line":44,"column":1}},"3":{"start":{"line":46,"column":14},"end":{"line":52,"column":1}},"4":{"start":{"line":54,"column":9},"end":{"line":58,"column":1}},"5":{"start":{"line":62,"column":8},"end":{"line":62,"column":21}},"6":{"start":{"line":63,"column":8},"end":{"line":75,"column":9}},"7":{"start":{"line":76,"column":8},"end":{"line":76,"column":47}},"8":{"start":{"line":77,"column":8},"end":{"line":77,"column":57}},"9":{"start":{"line":78,"column":8},"end":{"line":78,"column":51}},"10":{"start":{"line":79,"column":8},"end":{"line":79,"column":51}},"11":{"start":{"line":80,"column":8},"end":{"line":80,"column":49}},"12":{"start":{"line":81,"column":8},"end":{"line":81,"column":49}},"13":{"start":{"line":82,"column":8},"end":{"line":82,"column":55}},"14":{"start":{"line":83,"column":8},"end":{"line":83,"column":55}},"15":{"start":{"line":84,"column":8},"end":{"line":84,"column":57}},"16":{"start":{"line":88,"column":8},"end":{"line":104,"column":43}},"17":{"start":{"line":96,"column":12},"end":{"line":102,"column":14}},"18":{"start":{"line":97,"column":46},"end":{"line":97,"column":57}},"19":{"start":{"line":99,"column":58},"end":{"line":99,"column":71}},"20":{"start":{"line":100,"column":49},"end":{"line":100,"column":60}},"21":{"start":{"line":101,"column":50},"end":{"line":101,"column":63}},"22":{"start":{"line":104,"column":24},"end":{"line":104,"column":42}},"23":{"start":{"line":108,"column":8},"end":{"line":108,"column":23}},"24":{"start":{"line":113,"column":8},"end":{"line":115,"column":10}},"25":{"start":{"line":119,"column":8},"end":{"line":121,"column":10}},"26":{"start":{"line":125,"column":8},"end":{"line":127,"column":10}},"27":{"start":{"line":133,"column":8},"end":{"line":135,"column":10}},"28":{"start":{"line":139,"column":8},"end":{"line":141,"column":10}},"29":{"start":{"line":146,"column":8},"end":{"line":146,"column":35}},"30":{"start":{"line":151,"column":8},"end":{"line":155,"column":44}},"31":{"start":{"line":152,"column":20},"end":{"line":152,"column":34}},"32":{"start":{"line":153,"column":20},"end":{"line":153,"column":35}},"33":{"start":{"line":154,"column":20},"end":{"line":154,"column":40}},"34":{"start":{"line":155,"column":24},"end":{"line":155,"column":42}},"35":{"start":{"line":160,"column":8},"end":{"line":160,"column":30}},"36":{"start":{"line":161,"column":8},"end":{"line":161,"column":61}},"37":{"start":{"line":166,"column":24},"end":{"line":166,"column":71}},"38":{"start":{"line":167,"column":25},"end":{"line":167,"column":59}},"39":{"start":{"line":168,"column":19},"end":{"line":168,"column":196}},"40":{"start":{"line":168,"column":49},"end":{"line":168,"column":88}},"41":{"start":{"line":168,"column":104},"end":{"line":168,"column":141}},"42":{"start":{"line":168,"column":157},"end":{"line":168,"column":195}},"43":{"start":{"line":169,"column":26},"end":{"line":169,"column":59}},"44":{"start":{"line":171,"column":20},"end":{"line":171,"column":22}},"45":{"start":{"line":172,"column":8},"end":{"line":174,"column":9}},"46":{"start":{"line":172,"column":20},"end":{"line":172,"column":21}},"47":{"start":{"line":173,"column":12},"end":{"line":173,"column":26}},"48":{"start":{"line":176,"column":26},"end":{"line":181,"column":10}},"49":{"start":{"line":177,"column":12},"end":{"line":180,"column":81}},"50":{"start":{"line":183,"column":8},"end":{"line":197,"column":9}}},"fnMap":{"0":{"name":"(anonymous_0)","decl":{"start":{"line":61,"column":4},"end":{"line":61,"column":5}},"loc":{"start":{"line":61,"column":23},"end":{"line":85,"column":5}},"line":61},"1":{"name":"(anonymous_1)","decl":{"start":{"line":87,"column":4},"end":{"line":87,"column":5}},"loc":{"start":{"line":87,"column":14},"end":{"line":105,"column":5}},"line":87},"2":{"name":"(anonymous_2)","decl":{"start":{"line":95,"column":27},"end":{"line":95,"column":28}},"loc":{"start":{"line":95,"column":75},"end":{"line":103,"column":9}},"line":95},"3":{"name":"(anonymous_3)","decl":{"start":{"line":97,"column":37},"end":{"line":97,"column":38}},"loc":{"start":{"line":97,"column":46},"end":{"line":97,"column":57}},"line":97},"4":{"name":"(anonymous_4)","decl":{"start":{"line":99,"column":46},"end":{"line":99,"column":47}},"loc":{"start":{"line":99,"column":58},"end":{"line":99,"column":71}},"line":99},"5":{"name":"(anonymous_5)","decl":{"start":{"line":100,"column":40},"end":{"line":100,"column":41}},"loc":{"start":{"line":100,"column":49},"end":{"line":100,"column":60}},"line":100},"6":{"name":"(anonymous_6)","decl":{"start":{"line":101,"column":40},"end":{"line":101,"column":41}},"loc":{"start":{"line":101,"column":50},"end":{"line":101,"column":63}},"line":101},"7":{"name":"(anonymous_7)","decl":{"start":{"line":104,"column":15},"end":{"line":104,"column":16}},"loc":{"start":{"line":104,"column":24},"end":{"line":104,"column":42}},"line":104},"8":{"name":"(anonymous_8)","decl":{"start":{"line":107,"column":4},"end":{"line":107,"column":5}},"loc":{"start":{"line":107,"column":24},"end":{"line":109,"column":5}},"line":107},"9":{"name":"(anonymous_9)","decl":{"start":{"line":112,"column":4},"end":{"line":112,"column":5}},"loc":{"start":{"line":112,"column":28},"end":{"line":116,"column":5}},"line":112},"10":{"name":"(anonymous_10)","decl":{"start":{"line":118,"column":4},"end":{"line":118,"column":5}},"loc":{"start":{"line":118,"column":22},"end":{"line":122,"column":5}},"line":118},"11":{"name":"(anonymous_11)","decl":{"start":{"line":124,"column":4},"end":{"line":124,"column":5}},"loc":{"start":{"line":124,"column":22},"end":{"line":128,"column":5}},"line":124},"12":{"name":"(anonymous_12)","decl":{"start":{"line":132,"column":4},"end":{"line":132,"column":5}},"loc":{"start":{"line":132,"column":15},"end":{"line":136,"column":5}},"line":132},"13":{"name":"(anonymous_13)","decl":{"start":{"line":138,"column":4},"end":{"line":138,"column":5}},"loc":{"start":{"line":138,"column":15},"end":{"line":142,"column":5}},"line":138},"14":{"name":"(anonymous_14)","decl":{"start":{"line":145,"column":4},"end":{"line":145,"column":5}},"loc":{"start":{"line":145,"column":20},"end":{"line":147,"column":5}},"line":145},"15":{"name":"(anonymous_15)","decl":{"start":{"line":150,"column":4},"end":{"line":150,"column":5}},"loc":{"start":{"line":150,"column":19},"end":{"line":156,"column":5}},"line":150},"16":{"name":"(anonymous_16)","decl":{"start":{"line":152,"column":14},"end":{"line":152,"column":15}},"loc":{"start":{"line":152,"column":20},"end":{"line":152,"column":34}},"line":152},"17":{"name":"(anonymous_17)","decl":{"start":{"line":153,"column":14},"end":{"line":153,"column":15}},"loc":{"start":{"line":153,"column":20},"end":{"line":153,"column":35}},"line":153},"18":{"name":"(anonymous_18)","decl":{"start":{"line":154,"column":14},"end":{"line":154,"column":15}},"loc":{"start":{"line":154,"column":20},"end":{"line":154,"column":40}},"line":154},"19":{"name":"(anonymous_19)","decl":{"start":{"line":155,"column":15},"end":{"line":155,"column":16}},"loc":{"start":{"line":155,"column":24},"end":{"line":155,"column":42}},"line":155},"20":{"name":"(anonymous_20)","decl":{"start":{"line":159,"column":4},"end":{"line":159,"column":5}},"loc":{"start":{"line":159,"column":23},"end":{"line":162,"column":5}},"line":159},"21":{"name":"(anonymous_21)","decl":{"start":{"line":163,"column":4},"end":{"line":163,"column":5}},"loc":{"start":{"line":163,"column":13},"end":{"line":198,"column":5}},"line":163},"22":{"name":"(anonymous_22)","decl":{"start":{"line":168,"column":42},"end":{"line":168,"column":43}},"loc":{"start":{"line":168,"column":49},"end":{"line":168,"column":88}},"line":168},"23":{"name":"(anonymous_23)","decl":{"start":{"line":168,"column":97},"end":{"line":168,"column":98}},"loc":{"start":{"line":168,"column":104},"end":{"line":168,"column":141}},"line":168},"24":{"name":"(anonymous_24)","decl":{"start":{"line":168,"column":150},"end":{"line":168,"column":151}},"loc":{"start":{"line":168,"column":157},"end":{"line":168,"column":195}},"line":168},"25":{"name":"(anonymous_25)","decl":{"start":{"line":176,"column":36},"end":{"line":176,"column":37}},"loc":{"start":{"line":177,"column":12},"end":{"line":180,"column":81}},"line":177}},"branchMap":{"0":{"loc":{"start":{"line":177,"column":12},"end":{"line":180,"column":81}},"type":"cond-expr","locations":[{"start":{"line":178,"column":13},"end":{"line":178,"column":94}},{"start":{"line":180,"column":13},"end":{"line":180,"column":80}}],"line":177},"1":{"loc":{"start":{"line":191,"column":39},"end":{"line":191,"column":72}},"type":"cond-expr","locations":[{"start":{"line":191,"column":57},"end":{"line":191,"column":64}},{"start":{"line":191,"column":66},"end":{"line":191,"column":72}}],"line":191},"2":{"loc":{"start":{"line":192,"column":17},"end":{"line":192,"column":139}},"type":"binary-expr","locations":[{"start":{"line":192,"column":18},"end":{"line":192,"column":40}},{"start":{"line":192,"column":45},"end":{"line":192,"column":139}}],"line":192}},"s":{"0":1,"1":1,"2":1,"3":1,"4":1,"5":2,"6":2,"7":2,"8":2,"9":2,"10":2,"11":2,"12":2,"13":2,"14":2,"15":2,"16":2,"17":0,"18":0,"19":0,"20":0,"21":0,"22":0,"23":2,"24":0,"25":0,"26":0,"27":0,"28":0,"29":0,"30":0,"31":0,"32":0,"33":0,"34":0,"35":0,"36":0,"37":2,"38":2,"39":2,"40":0,"41":0,"42":0,"43":2,"44":2,"45":2,"46":2,"47":0,"48":2,"49":0,"50":2},"f":{"0":2,"1":2,"2":0,"3":0,"4":0,"5":0,"6":0,"7":0,"8":2,"9":0,"10":0,"11":0,"12":0,"13":0,"14":0,"15":0,"16":0,"17":0,"18":0,"19":0,"20":0,"21":2,"22":0,"23":0,"24":0,"25":0},"b":{"0":[0,0],"1":[0,2],"2":[2,0]},"_coverageSchema":"1a1c01bbd47fc00a2c39e90264f33305004495a9","hash":"b2aab08baec319a8276db105b1529cd1f60afe07"}
,"/Users/sorodidiouf/Travail/client/components/Form.jsx": {"path":"/Users/sorodidiouf/Travail/client/components/Form.jsx","statementMap":{"0":{"start":{"line":4,"column":14},"end":{"line":8,"column":1}},"1":{"start":{"line":10,"column":15},"end":{"line":13,"column":1}},"2":{"start":{"line":17,"column":8},"end":{"line":17,"column":21}},"3":{"start":{"line":18,"column":8},"end":{"line":26,"column":9}},"4":{"start":{"line":28,"column":8},"end":{"line":28,"column":38}},"5":{"start":{"line":30,"column":8},"end":{"line":30,"column":51}},"6":{"start":{"line":31,"column":8},"end":{"line":31,"column":57}},"7":{"start":{"line":32,"column":8},"end":{"line":32,"column":57}},"8":{"start":{"line":33,"column":8},"end":{"line":33,"column":57}},"9":{"start":{"line":34,"column":8},"end":{"line":34,"column":43}},"10":{"start":{"line":38,"column":67},"end":{"line":38,"column":77}},"11":{"start":{"line":39,"column":8},"end":{"line":43,"column":9}},"12":{"start":{"line":40,"column":12},"end":{"line":40,"column":25}},"13":{"start":{"line":42,"column":12},"end":{"line":42,"column":24}},"14":{"start":{"line":47,"column":19},"end":{"line":47,"column":36}},"15":{"start":{"line":48,"column":20},"end":{"line":48,"column":38}},"16":{"start":{"line":49,"column":8},"end":{"line":51,"column":10}},"17":{"start":{"line":55,"column":8},"end":{"line":55,"column":31}},"18":{"start":{"line":56,"column":8},"end":{"line":59,"column":9}},"19":{"start":{"line":57,"column":12},"end":{"line":57,"column":38}},"20":{"start":{"line":58,"column":12},"end":{"line":58,"column":25}},"21":{"start":{"line":63,"column":8},"end":{"line":63,"column":31}},"22":{"start":{"line":64,"column":8},"end":{"line":64,"column":30}},"23":{"start":{"line":65,"column":8},"end":{"line":65,"column":21}},"24":{"start":{"line":69,"column":8},"end":{"line":69,"column":41}},"25":{"start":{"line":70,"column":8},"end":{"line":70,"column":53}},"26":{"start":{"line":74,"column":67},"end":{"line":74,"column":77}},"27":{"start":{"line":75,"column":8},"end":{"line":115,"column":9}}},"fnMap":{"0":{"name":"(anonymous_0)","decl":{"start":{"line":16,"column":4},"end":{"line":16,"column":5}},"loc":{"start":{"line":16,"column":23},"end":{"line":35,"column":5}},"line":16},"1":{"name":"(anonymous_1)","decl":{"start":{"line":37,"column":4},"end":{"line":37,"column":5}},"loc":{"start":{"line":37,"column":15},"end":{"line":44,"column":5}},"line":37},"2":{"name":"(anonymous_2)","decl":{"start":{"line":46,"column":4},"end":{"line":46,"column":5}},"loc":{"start":{"line":46,"column":24},"end":{"line":52,"column":5}},"line":46},"3":{"name":"(anonymous_3)","decl":{"start":{"line":54,"column":4},"end":{"line":54,"column":5}},"loc":{"start":{"line":54,"column":24},"end":{"line":60,"column":5}},"line":54},"4":{"name":"(anonymous_4)","decl":{"start":{"line":62,"column":4},"end":{"line":62,"column":5}},"loc":{"start":{"line":62,"column":24},"end":{"line":66,"column":5}},"line":62},"5":{"name":"(anonymous_5)","decl":{"start":{"line":68,"column":4},"end":{"line":68,"column":5}},"loc":{"start":{"line":68,"column":12},"end":{"line":71,"column":5}},"line":68},"6":{"name":"(anonymous_6)","decl":{"start":{"line":73,"column":4},"end":{"line":73,"column":5}},"loc":{"start":{"line":73,"column":13},"end":{"line":116,"column":5}},"line":73}},"branchMap":{"0":{"loc":{"start":{"line":39,"column":8},"end":{"line":43,"column":9}},"type":"if","locations":[{"start":{"line":39,"column":8},"end":{"line":43,"column":9}},{"start":{"line":39,"column":8},"end":{"line":43,"column":9}}],"line":39},"1":{"loc":{"start":{"line":39,"column":11},"end":{"line":39,"column":139}},"type":"binary-expr","locations":[{"start":{"line":39,"column":11},"end":{"line":39,"column":23}},{"start":{"line":39,"column":27},"end":{"line":39,"column":38}},{"start":{"line":39,"column":42},"end":{"line":39,"column":54}},{"start":{"line":39,"column":58},"end":{"line":39,"column":70}},{"start":{"line":39,"column":74},"end":{"line":39,"column":89}},{"start":{"line":39,"column":93},"end":{"line":39,"column":139}}],"line":39},"2":{"loc":{"start":{"line":56,"column":8},"end":{"line":59,"column":9}},"type":"if","locations":[{"start":{"line":56,"column":8},"end":{"line":59,"column":9}},{"start":{"line":56,"column":8},"end":{"line":59,"column":9}}],"line":56}},"s":{"0":4,"1":4,"2":3,"3":3,"4":3,"5":3,"6":3,"7":3,"8":3,"9":3,"10":0,"11":0,"12":0,"13":0,"14":0,"15":0,"16":0,"17":0,"18":0,"19":0,"20":0,"21":0,"22":0,"23":0,"24":0,"25":0,"26":3,"27":3},"f":{"0":3,"1":0,"2":0,"3":0,"4":0,"5":0,"6":3},"b":{"0":[0,0],"1":[0,0,0,0,0,0],"2":[0,0]},"_coverageSchema":"1a1c01bbd47fc00a2c39e90264f33305004495a9","hash":"c099e7e9ee5c54c3505895dee5521a7249f884ac"}
,"/Users/sorodidiouf/Travail/client/components/Job.jsx": {"path":"/Users/sorodidiouf/Travail/client/components/Job.jsx","statementMap":{"0":{"start":{"line":5,"column":12},"end":{"line":8,"column":1}},"1":{"start":{"line":10,"column":20},"end":{"line":13,"column":1}},"2":{"start":{"line":15,"column":13},"end":{"line":30,"column":1}},"3":{"start":{"line":32,"column":11},"end":{"line":46,"column":1}},"4":{"start":{"line":48,"column":9},"end":{"line":54,"column":1}},"5":{"start":{"line":56,"column":23},"end":{"line":59,"column":1}},"6":{"start":{"line":61,"column":18},"end":{"line":65,"column":1}},"7":{"start":{"line":67,"column":10},"end":{"line":75,"column":1}},"8":{"start":{"line":76,"column":13},"end":{"line":78,"column":1}},"9":{"start":{"line":82,"column":8},"end":{"line":82,"column":21}},"10":{"start":{"line":83,"column":8},"end":{"line":86,"column":9}},"11":{"start":{"line":88,"column":8},"end":{"line":88,"column":49}},"12":{"start":{"line":89,"column":8},"end":{"line":89,"column":49}},"13":{"start":{"line":90,"column":8},"end":{"line":90,"column":55}},"14":{"start":{"line":94,"column":8},"end":{"line":94,"column":51}},"15":{"start":{"line":98,"column":8},"end":{"line":98,"column":120}},"16":{"start":{"line":102,"column":8},"end":{"line":102,"column":31}},"17":{"start":{"line":103,"column":8},"end":{"line":103,"column":50}},"18":{"start":{"line":104,"column":8},"end":{"line":104,"column":30}},"19":{"start":{"line":108,"column":110},"end":{"line":108,"column":124}},"20":{"start":{"line":110,"column":8},"end":{"line":130,"column":9}}},"fnMap":{"0":{"name":"(anonymous_0)","decl":{"start":{"line":81,"column":4},"end":{"line":81,"column":5}},"loc":{"start":{"line":81,"column":23},"end":{"line":91,"column":5}},"line":81},"1":{"name":"(anonymous_1)","decl":{"start":{"line":93,"column":4},"end":{"line":93,"column":5}},"loc":{"start":{"line":93,"column":15},"end":{"line":95,"column":5}},"line":93},"2":{"name":"(anonymous_2)","decl":{"start":{"line":97,"column":4},"end":{"line":97,"column":5}},"loc":{"start":{"line":97,"column":15},"end":{"line":99,"column":5}},"line":97},"3":{"name":"(anonymous_3)","decl":{"start":{"line":101,"column":4},"end":{"line":101,"column":5}},"loc":{"start":{"line":101,"column":23},"end":{"line":105,"column":5}},"line":101},"4":{"name":"(anonymous_4)","decl":{"start":{"line":107,"column":4},"end":{"line":107,"column":5}},"loc":{"start":{"line":107,"column":13},"end":{"line":131,"column":5}},"line":107}},"branchMap":{"0":{"loc":{"start":{"line":98,"column":15},"end":{"line":98,"column":120}},"type":"cond-expr","locations":[{"start":{"line":98,"column":35},"end":{"line":98,"column":61}},{"start":{"line":98,"column":64},"end":{"line":98,"column":120}}],"line":98},"1":{"loc":{"start":{"line":115,"column":17},"end":{"line":115,"column":105}},"type":"cond-expr","locations":[{"start":{"line":115,"column":40},"end":{"line":115,"column":72}},{"start":{"line":115,"column":75},"end":{"line":115,"column":105}}],"line":115},"2":{"loc":{"start":{"line":122,"column":51},"end":{"line":125,"column":42}},"type":"cond-expr","locations":[{"start":{"line":123,"column":20},"end":{"line":123,"column":42}},{"start":{"line":125,"column":20},"end":{"line":125,"column":42}}],"line":122},"3":{"loc":{"start":{"line":127,"column":17},"end":{"line":127,"column":110}},"type":"cond-expr","locations":[{"start":{"line":127,"column":55},"end":{"line":127,"column":105}},{"start":{"line":127,"column":108},"end":{"line":127,"column":110}}],"line":127},"4":{"loc":{"start":{"line":127,"column":17},"end":{"line":127,"column":52}},"type":"binary-expr","locations":[{"start":{"line":127,"column":17},"end":{"line":127,"column":34}},{"start":{"line":127,"column":38},"end":{"line":127,"column":52}}],"line":127}},"s":{"0":3,"1":3,"2":3,"3":3,"4":3,"5":3,"6":3,"7":3,"8":3,"9":1,"10":1,"11":1,"12":1,"13":1,"14":0,"15":0,"16":0,"17":0,"18":0,"19":1,"20":0},"f":{"0":1,"1":0,"2":0,"3":0,"4":1},"b":{"0":[0,0],"1":[0,0],"2":[0,0],"3":[0,0],"4":[0,0]},"_coverageSchema":"1a1c01bbd47fc00a2c39e90264f33305004495a9","hash":"a174dd572f9727189a3ca4f0c0e9678e71b7c7a4"}
,"/Users/sorodidiouf/Travail/client/components/JobList.jsx": {"path":"/Users/sorodidiouf/Travail/client/components/JobList.jsx","statementMap":{"0":{"start":{"line":4,"column":14},"end":{"line":18,"column":1}},"1":{"start":{"line":6,"column":4},"end":{"line":17,"column":5}},"2":{"start":{"line":9,"column":16},"end":{"line":14,"column":17}}},"fnMap":{"0":{"name":"(anonymous_0)","decl":{"start":{"line":4,"column":14},"end":{"line":4,"column":15}},"loc":{"start":{"line":4,"column":25},"end":{"line":18,"column":1}},"line":4},"1":{"name":"(anonymous_1)","decl":{"start":{"line":8,"column":28},"end":{"line":8,"column":29}},"loc":{"start":{"line":8,"column":35},"end":{"line":15,"column":13}},"line":8}},"branchMap":{},"s":{"0":2,"1":1,"2":0},"f":{"0":1,"1":0},"b":{},"_coverageSchema":"1a1c01bbd47fc00a2c39e90264f33305004495a9","hash":"738ac904a12ee7906a345d054bd023cc2ad70064"}
,"/Users/sorodidiouf/Travail/client/components/Filters/Location.jsx": {"path":"/Users/sorodidiouf/Travail/client/components/Filters/Location.jsx","statementMap":{"0":{"start":{"line":5,"column":13},"end":{"line":18,"column":1}},"1":{"start":{"line":22,"column":8},"end":{"line":22,"column":21}},"2":{"start":{"line":23,"column":8},"end":{"line":50,"column":9}},"3":{"start":{"line":51,"column":8},"end":{"line":51,"column":61}},"4":{"start":{"line":55,"column":19},"end":{"line":55,"column":62}},"5":{"start":{"line":56,"column":8},"end":{"line":56,"column":47}},"6":{"start":{"line":57,"column":8},"end":{"line":61,"column":11}},"7":{"start":{"line":60,"column":12},"end":{"line":60,"column":137}},"8":{"start":{"line":60,"column":76},"end":{"line":60,"column":102}},"9":{"start":{"line":60,"column":120},"end":{"line":60,"column":134}},"10":{"start":{"line":65,"column":8},"end":{"line":74,"column":10}}},"fnMap":{"0":{"name":"(anonymous_0)","decl":{"start":{"line":21,"column":4},"end":{"line":21,"column":5}},"loc":{"start":{"line":21,"column":23},"end":{"line":52,"column":5}},"line":21},"1":{"name":"(anonymous_1)","decl":{"start":{"line":54,"column":4},"end":{"line":54,"column":5}},"loc":{"start":{"line":54,"column":28},"end":{"line":62,"column":5}},"line":54},"2":{"name":"(anonymous_2)","decl":{"start":{"line":59,"column":11},"end":{"line":59,"column":12}},"loc":{"start":{"line":59,"column":17},"end":{"line":61,"column":9}},"line":59},"3":{"name":"(anonymous_3)","decl":{"start":{"line":60,"column":64},"end":{"line":60,"column":65}},"loc":{"start":{"line":60,"column":76},"end":{"line":60,"column":102}},"line":60},"4":{"name":"(anonymous_4)","decl":{"start":{"line":60,"column":108},"end":{"line":60,"column":109}},"loc":{"start":{"line":60,"column":120},"end":{"line":60,"column":134}},"line":60},"5":{"name":"(anonymous_5)","decl":{"start":{"line":64,"column":4},"end":{"line":64,"column":5}},"loc":{"start":{"line":64,"column":13},"end":{"line":75,"column":5}},"line":64}},"branchMap":{},"s":{"0":1,"1":0,"2":0,"3":0,"4":0,"5":0,"6":0,"7":0,"8":0,"9":0,"10":0},"f":{"0":0,"1":0,"2":0,"3":0,"4":0,"5":0},"b":{},"_coverageSchema":"1a1c01bbd47fc00a2c39e90264f33305004495a9","hash":"7c63bc24504e171b3db21590b2a3fc609bdc8045"}
,"/Users/sorodidiouf/Travail/client/components/Filters/Round.jsx": {"path":"/Users/sorodidiouf/Travail/client/components/Filters/Round.jsx","statementMap":{"0":{"start":{"line":5,"column":13},"end":{"line":18,"column":1}},"1":{"start":{"line":22,"column":8},"end":{"line":22,"column":21}},"2":{"start":{"line":23,"column":8},"end":{"line":50,"column":9}},"3":{"start":{"line":51,"column":8},"end":{"line":51,"column":61}},"4":{"start":{"line":55,"column":19},"end":{"line":55,"column":62}},"5":{"start":{"line":56,"column":8},"end":{"line":56,"column":47}},"6":{"start":{"line":57,"column":8},"end":{"line":61,"column":11}},"7":{"start":{"line":60,"column":12},"end":{"line":60,"column":119}},"8":{"start":{"line":60,"column":67},"end":{"line":60,"column":90}},"9":{"start":{"line":60,"column":105},"end":{"line":60,"column":116}},"10":{"start":{"line":65,"column":8},"end":{"line":74,"column":10}}},"fnMap":{"0":{"name":"(anonymous_0)","decl":{"start":{"line":21,"column":4},"end":{"line":21,"column":5}},"loc":{"start":{"line":21,"column":23},"end":{"line":52,"column":5}},"line":21},"1":{"name":"(anonymous_1)","decl":{"start":{"line":54,"column":4},"end":{"line":54,"column":5}},"loc":{"start":{"line":54,"column":28},"end":{"line":62,"column":5}},"line":54},"2":{"name":"(anonymous_2)","decl":{"start":{"line":59,"column":11},"end":{"line":59,"column":12}},"loc":{"start":{"line":59,"column":17},"end":{"line":61,"column":9}},"line":59},"3":{"name":"(anonymous_3)","decl":{"start":{"line":60,"column":58},"end":{"line":60,"column":59}},"loc":{"start":{"line":60,"column":67},"end":{"line":60,"column":90}},"line":60},"4":{"name":"(anonymous_4)","decl":{"start":{"line":60,"column":96},"end":{"line":60,"column":97}},"loc":{"start":{"line":60,"column":105},"end":{"line":60,"column":116}},"line":60},"5":{"name":"(anonymous_5)","decl":{"start":{"line":64,"column":4},"end":{"line":64,"column":5}},"loc":{"start":{"line":64,"column":13},"end":{"line":75,"column":5}},"line":64}},"branchMap":{},"s":{"0":1,"1":0,"2":0,"3":0,"4":0,"5":0,"6":0,"7":0,"8":0,"9":0,"10":0},"f":{"0":0,"1":0,"2":0,"3":0,"4":0,"5":0},"b":{},"_coverageSchema":"1a1c01bbd47fc00a2c39e90264f33305004495a9","hash":"da84b5f80b73ad9d000b8f6e7a547cbcabb25ec0"}
,"/Users/sorodidiouf/Travail/client/components/Filters/Status.jsx": {"path":"/Users/sorodidiouf/Travail/client/components/Filters/Status.jsx","statementMap":{"0":{"start":{"line":5,"column":13},"end":{"line":18,"column":1}},"1":{"start":{"line":22,"column":8},"end":{"line":22,"column":21}},"2":{"start":{"line":23,"column":8},"end":{"line":38,"column":9}},"3":{"start":{"line":39,"column":8},"end":{"line":39,"column":61}},"4":{"start":{"line":43,"column":19},"end":{"line":43,"column":62}},"5":{"start":{"line":44,"column":8},"end":{"line":44,"column":47}},"6":{"start":{"line":45,"column":8},"end":{"line":49,"column":11}},"7":{"start":{"line":48,"column":12},"end":{"line":48,"column":124}},"8":{"start":{"line":48,"column":69},"end":{"line":48,"column":93}},"9":{"start":{"line":48,"column":109},"end":{"line":48,"column":121}},"10":{"start":{"line":53,"column":8},"end":{"line":62,"column":10}}},"fnMap":{"0":{"name":"(anonymous_0)","decl":{"start":{"line":21,"column":4},"end":{"line":21,"column":5}},"loc":{"start":{"line":21,"column":23},"end":{"line":40,"column":5}},"line":21},"1":{"name":"(anonymous_1)","decl":{"start":{"line":42,"column":4},"end":{"line":42,"column":5}},"loc":{"start":{"line":42,"column":28},"end":{"line":50,"column":5}},"line":42},"2":{"name":"(anonymous_2)","decl":{"start":{"line":47,"column":11},"end":{"line":47,"column":12}},"loc":{"start":{"line":47,"column":17},"end":{"line":49,"column":9}},"line":47},"3":{"name":"(anonymous_3)","decl":{"start":{"line":48,"column":59},"end":{"line":48,"column":60}},"loc":{"start":{"line":48,"column":69},"end":{"line":48,"column":93}},"line":48},"4":{"name":"(anonymous_4)","decl":{"start":{"line":48,"column":99},"end":{"line":48,"column":100}},"loc":{"start":{"line":48,"column":109},"end":{"line":48,"column":121}},"line":48},"5":{"name":"(anonymous_5)","decl":{"start":{"line":52,"column":4},"end":{"line":52,"column":5}},"loc":{"start":{"line":52,"column":13},"end":{"line":63,"column":5}},"line":52}},"branchMap":{},"s":{"0":1,"1":0,"2":0,"3":0,"4":0,"5":0,"6":0,"7":0,"8":0,"9":0,"10":0},"f":{"0":0,"1":0,"2":0,"3":0,"4":0,"5":0},"b":{},"_coverageSchema":"1a1c01bbd47fc00a2c39e90264f33305004495a9","hash":"6c244a1140c4a70b1318e48f539c5fcdf6ca2b85"}
}
